[1.535s] Invoking command in '/home/chethan_ms/drone_ws/src/drone_sim': PYTHONPATH=/home/chethan_ms/drone_ws/build/drone_sim/prefix_override:/usr/lib/python3/dist-packages/colcon_core/task/python/colcon_distutils_commands:/home/chethan_ms/drone_ws/install/drone_sim/lib/python3.10/site-packages:${PYTHONPATH} /usr/bin/python3 -W ignore:setup.py install is deprecated -W ignore:easy_install command is deprecated setup.py egg_info --egg-base ../../build/drone_sim build --build-base /home/chethan_ms/drone_ws/build/drone_sim/build install --record /home/chethan_ms/drone_ws/build/drone_sim/install.log --single-version-externally-managed install_data
[1.954s] running egg_info
[1.958s] writing ../../build/drone_sim/drone_sim.egg-info/PKG-INFO
[1.958s] writing dependency_links to ../../build/drone_sim/drone_sim.egg-info/dependency_links.txt
[1.958s] writing entry points to ../../build/drone_sim/drone_sim.egg-info/entry_points.txt
[1.958s] writing requirements to ../../build/drone_sim/drone_sim.egg-info/requires.txt
[1.958s] writing top-level names to ../../build/drone_sim/drone_sim.egg-info/top_level.txt
[1.959s] reading manifest file '../../build/drone_sim/drone_sim.egg-info/SOURCES.txt'
[1.963s] writing manifest file '../../build/drone_sim/drone_sim.egg-info/SOURCES.txt'
[1.963s] running build
[1.963s] running build_py
[1.963s] running install
[1.963s] running install_lib
[1.964s] running install_data
[1.964s] running install_egg_info
[1.968s] removing '/home/chethan_ms/drone_ws/install/drone_sim/lib/python3.10/site-packages/drone_sim-0.0.0-py3.10.egg-info' (and everything under it)
[1.969s] Copying ../../build/drone_sim/drone_sim.egg-info to /home/chethan_ms/drone_ws/install/drone_sim/lib/python3.10/site-packages/drone_sim-0.0.0-py3.10.egg-info
[1.971s] running install_scripts
[2.002s] Installing detection_node script to /home/chethan_ms/drone_ws/install/drone_sim/lib/drone_sim
[2.002s] Installing mavros_control script to /home/chethan_ms/drone_ws/install/drone_sim/lib/drone_sim
[2.002s] Installing patrol_node script to /home/chethan_ms/drone_ws/install/drone_sim/lib/drone_sim
[2.003s] writing list of installed files to '/home/chethan_ms/drone_ws/build/drone_sim/install.log'
[2.041s] Invoked command in '/home/chethan_ms/drone_ws/src/drone_sim' returned '0': PYTHONPATH=/home/chethan_ms/drone_ws/build/drone_sim/prefix_override:/usr/lib/python3/dist-packages/colcon_core/task/python/colcon_distutils_commands:/home/chethan_ms/drone_ws/install/drone_sim/lib/python3.10/site-packages:${PYTHONPATH} /usr/bin/python3 -W ignore:setup.py install is deprecated -W ignore:easy_install command is deprecated setup.py egg_info --egg-base ../../build/drone_sim build --build-base /home/chethan_ms/drone_ws/build/drone_sim/build install --record /home/chethan_ms/drone_ws/build/drone_sim/install.log --single-version-externally-managed install_data
