[1.384s] Invoking command in '/home/chethan_ms/drone_ws/src/drone_sim': PYTHONPATH=/home/chethan_ms/drone_ws/build/drone_sim/prefix_override:/usr/lib/python3/dist-packages/colcon_core/task/python/colcon_distutils_commands:/home/chethan_ms/drone_ws/install/drone_sim/lib/python3.10/site-packages:${PYTHONPATH} /usr/bin/python3 -W ignore:setup.py install is deprecated -W ignore:easy_install command is deprecated setup.py egg_info --egg-base ../../build/drone_sim build --build-base /home/chethan_ms/drone_ws/build/drone_sim/build install --record /home/chethan_ms/drone_ws/build/drone_sim/install.log --single-version-externally-managed install_data
[1.847s] running egg_info
[1.847s] creating ../../build/drone_sim/drone_sim.egg-info
[1.848s] writing ../../build/drone_sim/drone_sim.egg-info/PKG-INFO
[1.848s] writing dependency_links to ../../build/drone_sim/drone_sim.egg-info/dependency_links.txt
[1.849s] writing entry points to ../../build/drone_sim/drone_sim.egg-info/entry_points.txt
[1.849s] writing requirements to ../../build/drone_sim/drone_sim.egg-info/requires.txt
[1.849s] writing top-level names to ../../build/drone_sim/drone_sim.egg-info/top_level.txt
[1.851s] writing manifest file '../../build/drone_sim/drone_sim.egg-info/SOURCES.txt'
[1.857s] reading manifest file '../../build/drone_sim/drone_sim.egg-info/SOURCES.txt'
[1.864s] writing manifest file '../../build/drone_sim/drone_sim.egg-info/SOURCES.txt'
[1.864s] running build
[1.864s] running build_py
[1.864s] creating /home/chethan_ms/drone_ws/build/drone_sim/build
[1.864s] creating /home/chethan_ms/drone_ws/build/drone_sim/build/lib
[1.865s] creating /home/chethan_ms/drone_ws/build/drone_sim/build/lib/drone_sim
[1.865s] copying drone_sim/mavros_control.py -> /home/chethan_ms/drone_ws/build/drone_sim/build/lib/drone_sim
[1.865s] copying drone_sim/patrol_node.py -> /home/chethan_ms/drone_ws/build/drone_sim/build/lib/drone_sim
[1.865s] copying drone_sim/detection_node.py -> /home/chethan_ms/drone_ws/build/drone_sim/build/lib/drone_sim
[1.867s] copying drone_sim/__init__.py -> /home/chethan_ms/drone_ws/build/drone_sim/build/lib/drone_sim
[1.868s] running install
[1.869s] running install_lib
[1.870s] creating /home/chethan_ms/drone_ws/install/drone_sim/lib/python3.10/site-packages/drone_sim
[1.871s] copying /home/chethan_ms/drone_ws/build/drone_sim/build/lib/drone_sim/mavros_control.py -> /home/chethan_ms/drone_ws/install/drone_sim/lib/python3.10/site-packages/drone_sim
[1.871s] copying /home/chethan_ms/drone_ws/build/drone_sim/build/lib/drone_sim/patrol_node.py -> /home/chethan_ms/drone_ws/install/drone_sim/lib/python3.10/site-packages/drone_sim
[1.871s] copying /home/chethan_ms/drone_ws/build/drone_sim/build/lib/drone_sim/detection_node.py -> /home/chethan_ms/drone_ws/install/drone_sim/lib/python3.10/site-packages/drone_sim
[1.872s] copying /home/chethan_ms/drone_ws/build/drone_sim/build/lib/drone_sim/__init__.py -> /home/chethan_ms/drone_ws/install/drone_sim/lib/python3.10/site-packages/drone_sim
[1.873s] byte-compiling /home/chethan_ms/drone_ws/install/drone_sim/lib/python3.10/site-packages/drone_sim/mavros_control.py to mavros_control.cpython-310.pyc
[1.875s] byte-compiling /home/chethan_ms/drone_ws/install/drone_sim/lib/python3.10/site-packages/drone_sim/patrol_node.py to patrol_node.cpython-310.pyc
[1.877s] byte-compiling /home/chethan_ms/drone_ws/install/drone_sim/lib/python3.10/site-packages/drone_sim/detection_node.py to detection_node.cpython-310.pyc
[1.878s] byte-compiling /home/chethan_ms/drone_ws/install/drone_sim/lib/python3.10/site-packages/drone_sim/__init__.py to __init__.cpython-310.pyc
[1.879s] running install_data
[1.879s] creating /home/chethan_ms/drone_ws/install/drone_sim/share/ament_index
[1.880s] creating /home/chethan_ms/drone_ws/install/drone_sim/share/ament_index/resource_index
[1.881s] creating /home/chethan_ms/drone_ws/install/drone_sim/share/ament_index/resource_index/packages
[1.881s] copying resource/drone_sim -> /home/chethan_ms/drone_ws/install/drone_sim/share/ament_index/resource_index/packages
[1.881s] copying package.xml -> /home/chethan_ms/drone_ws/install/drone_sim/share/drone_sim
[1.881s] creating /home/chethan_ms/drone_ws/install/drone_sim/share/drone_sim/launch
[1.882s] copying launch/simulation.launch.py -> /home/chethan_ms/drone_ws/install/drone_sim/share/drone_sim/launch
[1.883s] running install_egg_info
[1.887s] Copying ../../build/drone_sim/drone_sim.egg-info to /home/chethan_ms/drone_ws/install/drone_sim/lib/python3.10/site-packages/drone_sim-0.0.0-py3.10.egg-info
[1.890s] running install_scripts
[1.931s] Installing detection_node script to /home/chethan_ms/drone_ws/install/drone_sim/lib/drone_sim
[1.932s] Installing mavros_control script to /home/chethan_ms/drone_ws/install/drone_sim/lib/drone_sim
[1.932s] Installing patrol_node script to /home/chethan_ms/drone_ws/install/drone_sim/lib/drone_sim
[1.933s] writing list of installed files to '/home/chethan_ms/drone_ws/build/drone_sim/install.log'
[1.994s] Invoked command in '/home/chethan_ms/drone_ws/src/drone_sim' returned '0': PYTHONPATH=/home/chethan_ms/drone_ws/build/drone_sim/prefix_override:/usr/lib/python3/dist-packages/colcon_core/task/python/colcon_distutils_commands:/home/chethan_ms/drone_ws/install/drone_sim/lib/python3.10/site-packages:${PYTHONPATH} /usr/bin/python3 -W ignore:setup.py install is deprecated -W ignore:easy_install command is deprecated setup.py egg_info --egg-base ../../build/drone_sim build --build-base /home/chethan_ms/drone_ws/build/drone_sim/build install --record /home/chethan_ms/drone_ws/build/drone_sim/install.log --single-version-externally-managed install_data
