[1.562s] DEBUG:colcon:Command line arguments: ['/usr/bin/colcon', 'build', '--packages-select', 'drone_sim']
[1.562s] DEBUG:colcon:Parsed command line arguments: Namespace(log_base=None, log_level=None, verb_name='build', build_base='build', install_base='install', merge_install=False, symlink_install=False, test_result_base=None, continue_on_error=False, executor='parallel', parallel_workers=12, event_handlers=None, ignore_user_meta=False, metas=['./colcon.meta'], base_paths=['.'], packages_ignore=None, packages_ignore_regex=None, paths=None, packages_up_to=None, packages_up_to_regex=None, packages_above=None, packages_above_and_dependencies=None, packages_above_depth=None, packages_select_by_dep=None, packages_skip_by_dep=None, packages_skip_up_to=None, packages_select_build_failed=False, packages_skip_build_finished=False, packages_select_test_failures=False, packages_skip_test_passed=False, packages_select=['drone_sim'], packages_skip=None, packages_select_regex=None, packages_skip_regex=None, packages_start=None, packages_end=None, allow_overriding=[], cmake_args=None, cmake_target=None, cmake_target_skip_unavailable=False, cmake_clean_cache=False, cmake_clean_first=False, cmake_force_configure=False, ament_cmake_args=None, catkin_cmake_args=None, catkin_skip_building_tests=False, mixin_files=None, mixin=None, verb_parser=<colcon_mixin.mixin.mixin_argument.MixinArgumentDecorator object at 0x70984e872e30>, verb_extension=<colcon_core.verb.build.BuildVerb object at 0x70984e872830>, main=<bound method BuildVerb.main of <colcon_core.verb.build.BuildVerb object at 0x70984e872830>>, mixin_verb=('build',))
[-0.377s] Level 1:colcon.colcon_core.package_discovery:discover_packages(colcon_meta) check parameters
[-0.377s] Level 1:colcon.colcon_core.package_discovery:discover_packages(recursive) check parameters
[-0.377s] Level 1:colcon.colcon_core.package_discovery:discover_packages(ignore) check parameters
[-0.377s] Level 1:colcon.colcon_core.package_discovery:discover_packages(path) check parameters
[-0.377s] Level 1:colcon.colcon_core.package_discovery:discover_packages(colcon_meta) discover
[-0.377s] Level 1:colcon.colcon_core.package_discovery:discover_packages(recursive) discover
[-0.377s] INFO:colcon.colcon_core.package_discovery:Crawling recursively for packages in '/home/chethan_ms/drone_ws'
[-0.377s] Level 1:colcon.colcon_core.package_identification:_identify(.) by extensions ['ignore', 'ignore_ament_install']
[-0.376s] Level 1:colcon.colcon_core.package_identification:_identify(.) by extension 'ignore'
[-0.376s] Level 1:colcon.colcon_core.package_identification:_identify(.) by extension 'ignore_ament_install'
[-0.376s] Level 1:colcon.colcon_core.package_identification:_identify(.) by extensions ['colcon_pkg']
[-0.376s] Level 1:colcon.colcon_core.package_identification:_identify(.) by extension 'colcon_pkg'
[-0.376s] Level 1:colcon.colcon_core.package_identification:_identify(.) by extensions ['colcon_meta']
[-0.376s] Level 1:colcon.colcon_core.package_identification:_identify(.) by extension 'colcon_meta'
[-0.376s] Level 1:colcon.colcon_core.package_identification:_identify(.) by extensions ['ros']
[-0.376s] Level 1:colcon.colcon_core.package_identification:_identify(.) by extension 'ros'
[-0.340s] Level 1:colcon.colcon_core.package_identification:_identify(.) by extensions ['cmake', 'python']
[-0.340s] Level 1:colcon.colcon_core.package_identification:_identify(.) by extension 'cmake'
[-0.339s] Level 1:colcon.colcon_core.package_identification:_identify(.) by extension 'python'
[-0.339s] Level 1:colcon.colcon_core.package_identification:_identify(.) by extensions ['python_setup_py']
[-0.339s] Level 1:colcon.colcon_core.package_identification:_identify(.) by extension 'python_setup_py'
[-0.339s] Level 1:colcon.colcon_core.package_identification:_identify(build) by extensions ['ignore', 'ignore_ament_install']
[-0.339s] Level 1:colcon.colcon_core.package_identification:_identify(build) by extension 'ignore'
[-0.339s] Level 1:colcon.colcon_core.package_identification:_identify(build) ignored
[-0.339s] Level 1:colcon.colcon_core.package_identification:_identify(install) by extensions ['ignore', 'ignore_ament_install']
[-0.339s] Level 1:colcon.colcon_core.package_identification:_identify(install) by extension 'ignore'
[-0.338s] Level 1:colcon.colcon_core.package_identification:_identify(install) ignored
[-0.338s] Level 1:colcon.colcon_core.package_identification:_identify(log) by extensions ['ignore', 'ignore_ament_install']
[-0.338s] Level 1:colcon.colcon_core.package_identification:_identify(log) by extension 'ignore'
[-0.338s] Level 1:colcon.colcon_core.package_identification:_identify(log) ignored
[-0.338s] Level 1:colcon.colcon_core.package_identification:_identify(src) by extensions ['ignore', 'ignore_ament_install']
[-0.338s] Level 1:colcon.colcon_core.package_identification:_identify(src) by extension 'ignore'
[-0.338s] Level 1:colcon.colcon_core.package_identification:_identify(src) by extension 'ignore_ament_install'
[-0.337s] Level 1:colcon.colcon_core.package_identification:_identify(src) by extensions ['colcon_pkg']
[-0.337s] Level 1:colcon.colcon_core.package_identification:_identify(src) by extension 'colcon_pkg'
[-0.337s] Level 1:colcon.colcon_core.package_identification:_identify(src) by extensions ['colcon_meta']
[-0.337s] Level 1:colcon.colcon_core.package_identification:_identify(src) by extension 'colcon_meta'
[-0.337s] Level 1:colcon.colcon_core.package_identification:_identify(src) by extensions ['ros']
[-0.337s] Level 1:colcon.colcon_core.package_identification:_identify(src) by extension 'ros'
[-0.337s] Level 1:colcon.colcon_core.package_identification:_identify(src) by extensions ['cmake', 'python']
[-0.337s] Level 1:colcon.colcon_core.package_identification:_identify(src) by extension 'cmake'
[-0.337s] Level 1:colcon.colcon_core.package_identification:_identify(src) by extension 'python'
[-0.337s] Level 1:colcon.colcon_core.package_identification:_identify(src) by extensions ['python_setup_py']
[-0.337s] Level 1:colcon.colcon_core.package_identification:_identify(src) by extension 'python_setup_py'
[-0.337s] Level 1:colcon.colcon_core.package_identification:_identify(src/drone_sim) by extensions ['ignore', 'ignore_ament_install']
[-0.336s] Level 1:colcon.colcon_core.package_identification:_identify(src/drone_sim) by extension 'ignore'
[-0.336s] Level 1:colcon.colcon_core.package_identification:_identify(src/drone_sim) by extension 'ignore_ament_install'
[-0.336s] Level 1:colcon.colcon_core.package_identification:_identify(src/drone_sim) by extensions ['colcon_pkg']
[-0.336s] Level 1:colcon.colcon_core.package_identification:_identify(src/drone_sim) by extension 'colcon_pkg'
[-0.336s] Level 1:colcon.colcon_core.package_identification:_identify(src/drone_sim) by extensions ['colcon_meta']
[-0.336s] Level 1:colcon.colcon_core.package_identification:_identify(src/drone_sim) by extension 'colcon_meta'
[-0.336s] Level 1:colcon.colcon_core.package_identification:_identify(src/drone_sim) by extensions ['ros']
[-0.336s] Level 1:colcon.colcon_core.package_identification:_identify(src/drone_sim) by extension 'ros'
[-0.330s] DEBUG:colcon.colcon_core.package_identification:Package 'src/drone_sim' with type 'ros.ament_python' and name 'drone_sim'
[-0.330s] Level 1:colcon.colcon_core.package_discovery:discover_packages(recursive) using defaults
[-0.330s] Level 1:colcon.colcon_core.package_discovery:discover_packages(ignore) discover
[-0.330s] Level 1:colcon.colcon_core.package_discovery:discover_packages(ignore) using defaults
[-0.330s] Level 1:colcon.colcon_core.package_discovery:discover_packages(path) discover
[-0.330s] Level 1:colcon.colcon_core.package_discovery:discover_packages(path) using defaults
[-0.288s] Level 1:colcon.colcon_core.package_discovery:discover_packages(prefix_path) check parameters
[-0.288s] Level 1:colcon.colcon_core.package_discovery:discover_packages(prefix_path) discover
[-0.286s] WARNING:colcon.colcon_ros.prefix_path.ament:The path '/home/chethan_ms/drone_ws/install/drone_sim' in the environment variable AMENT_PREFIX_PATH doesn't exist
[-0.285s] DEBUG:colcon.colcon_installed_package_information.package_discovery:Found 0 installed packages in /home/chethan_ms/drone_ws/install
[-0.282s] DEBUG:colcon.colcon_installed_package_information.package_discovery:Found 414 installed packages in /opt/ros/humble
[-0.277s] Level 1:colcon.colcon_core.package_discovery:discover_packages(prefix_path) using defaults
[-0.185s] Level 5:colcon.colcon_core.verb:set package 'drone_sim' build argument 'cmake_args' from command line to 'None'
[-0.185s] Level 5:colcon.colcon_core.verb:set package 'drone_sim' build argument 'cmake_target' from command line to 'None'
[-0.185s] Level 5:colcon.colcon_core.verb:set package 'drone_sim' build argument 'cmake_target_skip_unavailable' from command line to 'False'
[-0.185s] Level 5:colcon.colcon_core.verb:set package 'drone_sim' build argument 'cmake_clean_cache' from command line to 'False'
[-0.185s] Level 5:colcon.colcon_core.verb:set package 'drone_sim' build argument 'cmake_clean_first' from command line to 'False'
[-0.185s] Level 5:colcon.colcon_core.verb:set package 'drone_sim' build argument 'cmake_force_configure' from command line to 'False'
[-0.185s] Level 5:colcon.colcon_core.verb:set package 'drone_sim' build argument 'ament_cmake_args' from command line to 'None'
[-0.185s] Level 5:colcon.colcon_core.verb:set package 'drone_sim' build argument 'catkin_cmake_args' from command line to 'None'
[-0.185s] Level 5:colcon.colcon_core.verb:set package 'drone_sim' build argument 'catkin_skip_building_tests' from command line to 'False'
[-0.185s] DEBUG:colcon.colcon_core.verb:Building package 'drone_sim' with the following arguments: {'ament_cmake_args': None, 'build_base': '/home/chethan_ms/drone_ws/build/drone_sim', 'catkin_cmake_args': None, 'catkin_skip_building_tests': False, 'cmake_args': None, 'cmake_clean_cache': False, 'cmake_clean_first': False, 'cmake_force_configure': False, 'cmake_target': None, 'cmake_target_skip_unavailable': False, 'install_base': '/home/chethan_ms/drone_ws/install/drone_sim', 'merge_install': False, 'path': '/home/chethan_ms/drone_ws/src/drone_sim', 'symlink_install': False, 'test_result_base': None}
[-0.184s] INFO:colcon.colcon_core.executor:Executing jobs using 'parallel' executor
[-0.182s] DEBUG:colcon.colcon_parallel_executor.executor.parallel:run_until_complete
[-0.182s] INFO:colcon.colcon_ros.task.ament_python.build:Building ROS package in '/home/chethan_ms/drone_ws/src/drone_sim' with build type 'ament_python'
[-0.181s] Level 1:colcon.colcon_core.shell:create_environment_hook('drone_sim', 'ament_prefix_path')
[-0.176s] INFO:colcon.colcon_core.plugin_system:Skipping extension 'colcon_core.shell.bat': Not used on non-Windows systems
[-0.176s] INFO:colcon.colcon_core.shell:Creating environment hook '/home/chethan_ms/drone_ws/install/drone_sim/share/drone_sim/hook/ament_prefix_path.ps1'
[-0.173s] INFO:colcon.colcon_core.shell:Creating environment descriptor '/home/chethan_ms/drone_ws/install/drone_sim/share/drone_sim/hook/ament_prefix_path.dsv'
[-0.173s] INFO:colcon.colcon_core.shell:Creating environment hook '/home/chethan_ms/drone_ws/install/drone_sim/share/drone_sim/hook/ament_prefix_path.sh'
[-0.171s] INFO:colcon.colcon_core.shell:Skip shell extension 'powershell' for command environment: Not usable outside of PowerShell
[-0.171s] DEBUG:colcon.colcon_core.shell:Skip shell extension 'dsv' for command environment
[0.472s] INFO:colcon.colcon_core.task.python.build:Building Python package in '/home/chethan_ms/drone_ws/src/drone_sim'
[0.473s] INFO:colcon.colcon_core.shell:Skip shell extension 'powershell' for command environment: Not usable outside of PowerShell
[0.473s] DEBUG:colcon.colcon_core.shell:Skip shell extension 'dsv' for command environment
[1.204s] DEBUG:colcon.colcon_core.event_handler.log_command:Invoking command in '/home/chethan_ms/drone_ws/src/drone_sim': PYTHONPATH=/home/chethan_ms/drone_ws/build/drone_sim/prefix_override:/usr/lib/python3/dist-packages/colcon_core/task/python/colcon_distutils_commands:/home/chethan_ms/drone_ws/install/drone_sim/lib/python3.10/site-packages:${PYTHONPATH} /usr/bin/python3 -W ignore:setup.py install is deprecated -W ignore:easy_install command is deprecated setup.py egg_info --egg-base ../../build/drone_sim build --build-base /home/chethan_ms/drone_ws/build/drone_sim/build install --record /home/chethan_ms/drone_ws/build/drone_sim/install.log --single-version-externally-managed install_data
[1.815s] DEBUG:colcon.colcon_core.event_handler.log_command:Invoked command in '/home/chethan_ms/drone_ws/src/drone_sim' returned '0': PYTHONPATH=/home/chethan_ms/drone_ws/build/drone_sim/prefix_override:/usr/lib/python3/dist-packages/colcon_core/task/python/colcon_distutils_commands:/home/chethan_ms/drone_ws/install/drone_sim/lib/python3.10/site-packages:${PYTHONPATH} /usr/bin/python3 -W ignore:setup.py install is deprecated -W ignore:easy_install command is deprecated setup.py egg_info --egg-base ../../build/drone_sim build --build-base /home/chethan_ms/drone_ws/build/drone_sim/build install --record /home/chethan_ms/drone_ws/build/drone_sim/install.log --single-version-externally-managed install_data
[1.821s] Level 1:colcon.colcon_core.environment:checking '/home/chethan_ms/drone_ws/install/drone_sim' for CMake module files
[1.822s] Level 1:colcon.colcon_core.environment:checking '/home/chethan_ms/drone_ws/install/drone_sim' for CMake config files
[1.823s] Level 1:colcon.colcon_core.environment:checking '/home/chethan_ms/drone_ws/install/drone_sim/lib'
[1.823s] Level 1:colcon.colcon_core.environment:checking '/home/chethan_ms/drone_ws/install/drone_sim/bin'
[1.823s] Level 1:colcon.colcon_core.environment:checking '/home/chethan_ms/drone_ws/install/drone_sim/lib/pkgconfig/drone_sim.pc'
[1.824s] Level 1:colcon.colcon_core.environment:checking '/home/chethan_ms/drone_ws/install/drone_sim/lib/python3.10/site-packages'
[1.824s] Level 1:colcon.colcon_core.shell:create_environment_hook('drone_sim', 'pythonpath')
[1.825s] INFO:colcon.colcon_core.shell:Creating environment hook '/home/chethan_ms/drone_ws/install/drone_sim/share/drone_sim/hook/pythonpath.ps1'
[1.826s] INFO:colcon.colcon_core.shell:Creating environment descriptor '/home/chethan_ms/drone_ws/install/drone_sim/share/drone_sim/hook/pythonpath.dsv'
[1.826s] INFO:colcon.colcon_core.shell:Creating environment hook '/home/chethan_ms/drone_ws/install/drone_sim/share/drone_sim/hook/pythonpath.sh'
[1.827s] Level 1:colcon.colcon_core.environment:checking '/home/chethan_ms/drone_ws/install/drone_sim/bin'
[1.827s] Level 1:colcon.colcon_core.environment:create_environment_scripts_only(drone_sim)
[1.827s] INFO:colcon.colcon_core.shell:Creating package script '/home/chethan_ms/drone_ws/install/drone_sim/share/drone_sim/package.ps1'
[1.829s] INFO:colcon.colcon_core.shell:Creating package descriptor '/home/chethan_ms/drone_ws/install/drone_sim/share/drone_sim/package.dsv'
[1.829s] INFO:colcon.colcon_core.shell:Creating package script '/home/chethan_ms/drone_ws/install/drone_sim/share/drone_sim/package.sh'
[1.830s] INFO:colcon.colcon_core.shell:Creating package script '/home/chethan_ms/drone_ws/install/drone_sim/share/drone_sim/package.bash'
[1.831s] INFO:colcon.colcon_core.shell:Creating package script '/home/chethan_ms/drone_ws/install/drone_sim/share/drone_sim/package.zsh'
[1.833s] Level 1:colcon.colcon_core.environment:create_file_with_runtime_dependencies(/home/chethan_ms/drone_ws/install/drone_sim/share/colcon-core/packages/drone_sim)
[1.835s] DEBUG:colcon.colcon_parallel_executor.executor.parallel:closing loop
[1.836s] DEBUG:colcon.colcon_parallel_executor.executor.parallel:loop closed
[1.837s] DEBUG:colcon.colcon_parallel_executor.executor.parallel:run_until_complete finished with '0'
[1.837s] DEBUG:colcon.colcon_core.event_reactor:joining thread
[2.121s] INFO:colcon.colcon_core.plugin_system:Skipping extension 'colcon_notification.desktop_notification.notify_send': Could not find 'notify-send'
[2.122s] INFO:colcon.colcon_core.plugin_system:Skipping extension 'colcon_notification.desktop_notification.terminal_notifier': Not used on non-Darwin systems
[2.122s] INFO:colcon.colcon_core.plugin_system:Skipping extension 'colcon_notification.desktop_notification.win32': Not used on non-Windows systems
[2.122s] INFO:colcon.colcon_notification.desktop_notification:Sending desktop notification using 'notify2'
[2.127s] DEBUG:colcon.colcon_notification.desktop_notification.notify2:Failed to initialize notify2: org.freedesktop.DBus.Error.ServiceUnknown: The name org.freedesktop.Notifications was not provided by any .service files
[2.127s] DEBUG:colcon.colcon_core.event_reactor:joined thread
[2.128s] INFO:colcon.colcon_core.shell:Creating prefix script '/home/chethan_ms/drone_ws/install/local_setup.ps1'
[2.130s] INFO:colcon.colcon_core.shell:Creating prefix util module '/home/chethan_ms/drone_ws/install/_local_setup_util_ps1.py'
[2.132s] INFO:colcon.colcon_core.shell:Creating prefix chain script '/home/chethan_ms/drone_ws/install/setup.ps1'
[2.134s] INFO:colcon.colcon_core.shell:Creating prefix script '/home/chethan_ms/drone_ws/install/local_setup.sh'
[2.135s] INFO:colcon.colcon_core.shell:Creating prefix util module '/home/chethan_ms/drone_ws/install/_local_setup_util_sh.py'
[2.136s] INFO:colcon.colcon_core.shell:Creating prefix chain script '/home/chethan_ms/drone_ws/install/setup.sh'
[2.138s] INFO:colcon.colcon_core.shell:Creating prefix script '/home/chethan_ms/drone_ws/install/local_setup.bash'
[2.139s] INFO:colcon.colcon_core.shell:Creating prefix chain script '/home/chethan_ms/drone_ws/install/setup.bash'
[2.141s] INFO:colcon.colcon_core.shell:Creating prefix script '/home/chethan_ms/drone_ws/install/local_setup.zsh'
[2.143s] INFO:colcon.colcon_core.shell:Creating prefix chain script '/home/chethan_ms/drone_ws/install/setup.zsh'
