running egg_info
writing ../../build/drone_sim/drone_sim.egg-info/PKG-INFO
writing dependency_links to ../../build/drone_sim/drone_sim.egg-info/dependency_links.txt
writing entry points to ../../build/drone_sim/drone_sim.egg-info/entry_points.txt
writing requirements to ../../build/drone_sim/drone_sim.egg-info/requires.txt
writing top-level names to ../../build/drone_sim/drone_sim.egg-info/top_level.txt
reading manifest file '../../build/drone_sim/drone_sim.egg-info/SOURCES.txt'
writing manifest file '../../build/drone_sim/drone_sim.egg-info/SOURCES.txt'
running build
running build_py
running install
running install_lib
running install_data
running install_egg_info
removing '/home/chethan_ms/drone_ws/install/drone_sim/lib/python3.10/site-packages/drone_sim-0.0.0-py3.10.egg-info' (and everything under it)
Copying ../../build/drone_sim/drone_sim.egg-info to /home/chethan_ms/drone_ws/install/drone_sim/lib/python3.10/site-packages/drone_sim-0.0.0-py3.10.egg-info
running install_scripts
Installing detection_node script to /home/chethan_ms/drone_ws/install/drone_sim/lib/drone_sim
Installing mavros_control script to /home/chethan_ms/drone_ws/install/drone_sim/lib/drone_sim
Installing patrol_node script to /home/chethan_ms/drone_ws/install/drone_sim/lib/drone_sim
writing list of installed files to '/home/chethan_ms/drone_ws/build/drone_sim/install.log'
