[2.078s] Invoking command in '/home/chethan_ms/drone_ws/src/drone_sim': PYTHONPATH=/home/chethan_ms/drone_ws/build/drone_sim/prefix_override:/usr/lib/python3/dist-packages/colcon_core/task/python/colcon_distutils_commands:/home/chethan_ms/drone_ws/install/drone_sim/lib/python3.10/site-packages:${PYTHONPATH} /usr/bin/python3 -W ignore:setup.py install is deprecated -W ignore:easy_install command is deprecated setup.py egg_info --egg-base ../../build/drone_sim build --build-base /home/chethan_ms/drone_ws/build/drone_sim/build install --record /home/chethan_ms/drone_ws/build/drone_sim/install.log --single-version-externally-managed install_data
[2.775s] running egg_info
[2.777s] writing ../../build/drone_sim/drone_sim.egg-info/PKG-INFO
[2.778s] writing dependency_links to ../../build/drone_sim/drone_sim.egg-info/dependency_links.txt
[2.782s] writing entry points to ../../build/drone_sim/drone_sim.egg-info/entry_points.txt
[2.784s] writing requirements to ../../build/drone_sim/drone_sim.egg-info/requires.txt
[2.784s] writing top-level names to ../../build/drone_sim/drone_sim.egg-info/top_level.txt
[2.794s] reading manifest file '../../build/drone_sim/drone_sim.egg-info/SOURCES.txt'
[2.798s] writing manifest file '../../build/drone_sim/drone_sim.egg-info/SOURCES.txt'
[2.799s] running build
[2.800s] running build_py
[2.804s] running install
[2.804s] running install_lib
[2.809s] running install_data
[2.810s] running install_egg_info
[2.817s] removing '/home/chethan_ms/drone_ws/install/drone_sim/lib/python3.10/site-packages/drone_sim-0.0.0-py3.10.egg-info' (and everything under it)
[2.818s] Copying ../../build/drone_sim/drone_sim.egg-info to /home/chethan_ms/drone_ws/install/drone_sim/lib/python3.10/site-packages/drone_sim-0.0.0-py3.10.egg-info
[2.823s] running install_scripts
[2.928s] Installing detection_node script to /home/chethan_ms/drone_ws/install/drone_sim/lib/drone_sim
[2.929s] Installing mavros_control script to /home/chethan_ms/drone_ws/install/drone_sim/lib/drone_sim
[2.931s] Installing patrol_node script to /home/chethan_ms/drone_ws/install/drone_sim/lib/drone_sim
[2.931s] writing list of installed files to '/home/chethan_ms/drone_ws/build/drone_sim/install.log'
[3.106s] Invoked command in '/home/chethan_ms/drone_ws/src/drone_sim' returned '0': PYTHONPATH=/home/chethan_ms/drone_ws/build/drone_sim/prefix_override:/usr/lib/python3/dist-packages/colcon_core/task/python/colcon_distutils_commands:/home/chethan_ms/drone_ws/install/drone_sim/lib/python3.10/site-packages:${PYTHONPATH} /usr/bin/python3 -W ignore:setup.py install is deprecated -W ignore:easy_install command is deprecated setup.py egg_info --egg-base ../../build/drone_sim build --build-base /home/chethan_ms/drone_ws/build/drone_sim/build install --record /home/chethan_ms/drone_ws/build/drone_sim/install.log --single-version-externally-managed install_data
