[1.380s] Invoking command in '/home/chethan_ms/drone_ws/src/drone_sim': PYTHONPATH=/home/chethan_ms/drone_ws/build/drone_sim/prefix_override:/usr/lib/python3/dist-packages/colcon_core/task/python/colcon_distutils_commands:/home/chethan_ms/drone_ws/install/drone_sim/lib/python3.10/site-packages:${PYTHONPATH} /usr/bin/python3 -W ignore:setup.py install is deprecated -W ignore:easy_install command is deprecated setup.py egg_info --egg-base ../../build/drone_sim build --build-base /home/chethan_ms/drone_ws/build/drone_sim/build install --record /home/chethan_ms/drone_ws/build/drone_sim/install.log --single-version-externally-managed install_data
[1.813s] running egg_info
[1.814s] writing ../../build/drone_sim/drone_sim.egg-info/PKG-INFO
[1.815s] writing dependency_links to ../../build/drone_sim/drone_sim.egg-info/dependency_links.txt
[1.815s] writing entry points to ../../build/drone_sim/drone_sim.egg-info/entry_points.txt
[1.816s] writing requirements to ../../build/drone_sim/drone_sim.egg-info/requires.txt
[1.816s] writing top-level names to ../../build/drone_sim/drone_sim.egg-info/top_level.txt
[1.827s] reading manifest file '../../build/drone_sim/drone_sim.egg-info/SOURCES.txt'
[1.830s] writing manifest file '../../build/drone_sim/drone_sim.egg-info/SOURCES.txt'
[1.831s] running build
[1.831s] running build_py
[1.831s] copying drone_sim/patrol_node.py -> /home/chethan_ms/drone_ws/build/drone_sim/build/lib/drone_sim
[1.832s] copying drone_sim/detection_node.py -> /home/chethan_ms/drone_ws/build/drone_sim/build/lib/drone_sim
[1.832s] running install
[1.833s] running install_lib
[1.834s] copying /home/chethan_ms/drone_ws/build/drone_sim/build/lib/drone_sim/patrol_node.py -> /home/chethan_ms/drone_ws/install/drone_sim/lib/python3.10/site-packages/drone_sim
[1.836s] copying /home/chethan_ms/drone_ws/build/drone_sim/build/lib/drone_sim/detection_node.py -> /home/chethan_ms/drone_ws/install/drone_sim/lib/python3.10/site-packages/drone_sim
[1.837s] byte-compiling /home/chethan_ms/drone_ws/install/drone_sim/lib/python3.10/site-packages/drone_sim/patrol_node.py to patrol_node.cpython-310.pyc
[1.840s] byte-compiling /home/chethan_ms/drone_ws/install/drone_sim/lib/python3.10/site-packages/drone_sim/detection_node.py to detection_node.cpython-310.pyc
[1.843s] running install_data
[1.843s] copying launch/simulation.launch.py -> /home/chethan_ms/drone_ws/install/drone_sim/share/drone_sim/launch
[1.845s] running install_egg_info
[1.849s] removing '/home/chethan_ms/drone_ws/install/drone_sim/lib/python3.10/site-packages/drone_sim-0.0.0-py3.10.egg-info' (and everything under it)
[1.850s] Copying ../../build/drone_sim/drone_sim.egg-info to /home/chethan_ms/drone_ws/install/drone_sim/lib/python3.10/site-packages/drone_sim-0.0.0-py3.10.egg-info
[1.853s] running install_scripts
[1.895s] Installing detection_node script to /home/chethan_ms/drone_ws/install/drone_sim/lib/drone_sim
[1.896s] Installing mavros_control script to /home/chethan_ms/drone_ws/install/drone_sim/lib/drone_sim
[1.896s] Installing patrol_node script to /home/chethan_ms/drone_ws/install/drone_sim/lib/drone_sim
[1.896s] writing list of installed files to '/home/chethan_ms/drone_ws/build/drone_sim/install.log'
[1.940s] Invoked command in '/home/chethan_ms/drone_ws/src/drone_sim' returned '0': PYTHONPATH=/home/chethan_ms/drone_ws/build/drone_sim/prefix_override:/usr/lib/python3/dist-packages/colcon_core/task/python/colcon_distutils_commands:/home/chethan_ms/drone_ws/install/drone_sim/lib/python3.10/site-packages:${PYTHONPATH} /usr/bin/python3 -W ignore:setup.py install is deprecated -W ignore:easy_install command is deprecated setup.py egg_info --egg-base ../../build/drone_sim build --build-base /home/chethan_ms/drone_ws/build/drone_sim/build install --record /home/chethan_ms/drone_ws/build/drone_sim/install.log --single-version-externally-managed install_data
