/home/chethan_ms/drone_ws/install/drone_sim/lib/python3.10/site-packages/drone_sim/mavros_control.py
/home/chethan_ms/drone_ws/install/drone_sim/lib/python3.10/site-packages/drone_sim/patrol_node.py
/home/chethan_ms/drone_ws/install/drone_sim/lib/python3.10/site-packages/drone_sim/detection_node.py
/home/chethan_ms/drone_ws/install/drone_sim/lib/python3.10/site-packages/drone_sim/__init__.py
/home/chethan_ms/drone_ws/install/drone_sim/lib/python3.10/site-packages/drone_sim/__pycache__/mavros_control.cpython-310.pyc
/home/chethan_ms/drone_ws/install/drone_sim/lib/python3.10/site-packages/drone_sim/__pycache__/patrol_node.cpython-310.pyc
/home/chethan_ms/drone_ws/install/drone_sim/lib/python3.10/site-packages/drone_sim/__pycache__/detection_node.cpython-310.pyc
/home/chethan_ms/drone_ws/install/drone_sim/lib/python3.10/site-packages/drone_sim/__pycache__/__init__.cpython-310.pyc
/home/chethan_ms/drone_ws/install/drone_sim/share/ament_index/resource_index/packages/drone_sim
/home/chethan_ms/drone_ws/install/drone_sim/share/drone_sim/package.xml
/home/chethan_ms/drone_ws/install/drone_sim/share/drone_sim/launch/simulation.launch.py
/home/chethan_ms/drone_ws/install/drone_sim/lib/python3.10/site-packages/drone_sim-0.0.0-py3.10.egg-info/top_level.txt
/home/chethan_ms/drone_ws/install/drone_sim/lib/python3.10/site-packages/drone_sim-0.0.0-py3.10.egg-info/SOURCES.txt
/home/chethan_ms/drone_ws/install/drone_sim/lib/python3.10/site-packages/drone_sim-0.0.0-py3.10.egg-info/dependency_links.txt
/home/chethan_ms/drone_ws/install/drone_sim/lib/python3.10/site-packages/drone_sim-0.0.0-py3.10.egg-info/zip-safe
/home/chethan_ms/drone_ws/install/drone_sim/lib/python3.10/site-packages/drone_sim-0.0.0-py3.10.egg-info/requires.txt
/home/chethan_ms/drone_ws/install/drone_sim/lib/python3.10/site-packages/drone_sim-0.0.0-py3.10.egg-info/PKG-INFO
/home/chethan_ms/drone_ws/install/drone_sim/lib/python3.10/site-packages/drone_sim-0.0.0-py3.10.egg-info/entry_points.txt
/home/chethan_ms/drone_ws/install/drone_sim/lib/drone_sim/detection_node
/home/chethan_ms/drone_ws/install/drone_sim/lib/drone_sim/mavros_control
/home/chethan_ms/drone_ws/install/drone_sim/lib/drone_sim/patrol_node
